# JRE version: OpenJDK Runtime Environment Temurin-17.0.7+7 (17.0.7+7) (build 17.0.7+7)
# Java VM: OpenJDK 64-Bit Server VM Temurin-17.0.7+7 (17.0.7+7, mixed mode, tiered, compressed oops, compressed class ptrs, parallel gc, linux-amd64)
GC Precious Log:
 CPUs: 8 total, 8 available
 Memory: 15909M
 Large Page Support: Disabled
 NUMA Support: Disabled
 Compressed Oops: Enabled (32-bit)
 Alignments: Space 512K, Generation 512K, Heap 2M
 Heap Min Capacity: 100M
 Heap Initial Capacity: 100M
 Heap Max Capacity: 1G
 Pre-touch: Disabled
 Parallel Workers: 8
Heap:
 PSYoungGen      total 2560K, used 383K [0x00000000eab00000, 0x00000000eb080000, 0x0000000100000000)
  eden space 2048K, 6% used [0x00000000eab00000,0x00000000eab1fc20,0x00000000ead00000)
  from space 512K, 50% used [0x00000000eb000000,0x00000000eb040000,0x00000000eb080000)
  to   space 512K, 0% used [0x00000000eaf80000,0x00000000eaf80000,0x00000000eb000000)
 ParOldGen       total 97280K, used 82721K [0x00000000c0000000, 0x00000000c5f00000, 0x00000000eab00000)
  object space 97280K, 85% used [0x00000000c0000000,0x00000000c50c8540,0x00000000c5f00000)
 Metaspace       used 85417K, committed 86400K, reserved 1179648K
  class space    used 8747K, committed 9216K, reserved 1048576K
GC Heap History (20 events):
Event: 16849.440 GC heap before
{Heap before GC invocations=1590 (full 48):
 PSYoungGen      total 3584K, used 3168K [0x00000000eab00000, 0x00000000eb300000, 0x0000000100000000)
  eden space 2048K, 100% used [0x00000000eab00000,0x00000000ead00000,0x00000000ead00000)
  from space 1536K, 72% used [0x00000000eb180000,0x00000000eb298000,0x00000000eb300000)
  to   space 2048K, 0% used [0x00000000eaf00000,0x00000000eaf00000,0x00000000eb100000)
 ParOldGen       total 96256K, used 93286K [0x00000000c0000000, 0x00000000c5e00000, 0x00000000eab00000)
  object space 96256K, 96% used [0x00000000c0000000,0x00000000c5b19b40,0x00000000c5e00000)
 Metaspace       used 85331K, committed 86336K, reserved 1179648K
  class space    used 8745K, committed 9216K, reserved 1048576K
}
Event: 16849.442 GC heap after
{Heap after GC invocations=1590 (full 48):
 PSYoungGen      total 3072K, used 800K [0x00000000eab00000, 0x00000000eb200000, 0x0000000100000000)
  eden space 2048K, 0% used [0x00000000eab00000,0x00000000eab00000,0x00000000ead00000)
  from space 1024K, 78% used [0x00000000eaf00000,0x00000000eafc8000,0x00000000eb000000)
  to   space 1536K, 0% used [0x00000000eb080000,0x00000000eb080000,0x00000000eb200000)
 ParOldGen       total 96256K, used 94291K [0x00000000c0000000, 0x00000000c5e00000, 0x00000000eab00000)
  object space 96256K, 97% used [0x00000000c0000000,0x00000000c5c14c50,0x00000000c5e00000)
 Metaspace       used 85331K, committed 86336K, reserved 1179648K
  class space    used 8745K, committed 9216K, reserved 1048576K
}
Event: 16849.448 GC heap before
{Heap before GC invocations=1591 (full 48):
 PSYoungGen      total 3072K, used 2848K [0x00000000eab00000, 0x00000000eb200000, 0x0000000100000000)
  eden space 2048K, 100% used [0x00000000eab00000,0x00000000ead00000,0x00000000ead00000)
  from space 1024K, 78% used [0x00000000eaf00000,0x00000000eafc8000,0x00000000eb000000)
  to   space 1536K, 0% used [0x00000000eb080000,0x00000000eb080000,0x00000000eb200000)
 ParOldGen       total 96256K, used 94291K [0x00000000c0000000, 0x00000000c5e00000, 0x00000000eab00000)
  object space 96256K, 97% used [0x00000000c0000000,0x00000000c5c14c50,0x00000000c5e00000)
 Metaspace       used 85335K, committed 86336K, reserved 1179648K
  class space    used 8745K, committed 9216K, reserved 1048576K
}
Event: 16849.449 GC heap after
{Heap after GC invocations=1591 (full 48):
 PSYoungGen      total 2560K, used 288K [0x00000000eab00000, 0x00000000eb100000, 0x0000000100000000)
  eden space 2048K, 0% used [0x00000000eab00000,0x00000000eab00000,0x00000000ead00000)
  from space 512K, 56% used [0x00000000eb080000,0x00000000eb0c8000,0x00000000eb100000)
  to   space 1024K, 0% used [0x00000000eaf00000,0x00000000eaf00000,0x00000000eb000000)
 ParOldGen       total 96256K, used 94937K [0x00000000c0000000, 0x00000000c5e00000, 0x00000000eab00000)
  object space 96256K, 98% used [0x00000000c0000000,0x00000000c5cb6500,0x00000000c5e00000)
 Metaspace       used 85335K, committed 86336K, reserved 1179648K
  class space    used 8745K, committed 9216K, reserved 1048576K
}
Event: 16849.456 GC heap before
{Heap before GC invocations=1592 (full 48):
 PSYoungGen      total 2560K, used 2336K [0x00000000eab00000, 0x00000000eb100000, 0x0000000100000000)
  eden space 2048K, 100% used [0x00000000eab00000,0x00000000ead00000,0x00000000ead00000)
  from space 512K, 56% used [0x00000000eb080000,0x00000000eb0c8000,0x00000000eb100000)
  to   space 1024K, 0% used [0x00000000eaf00000,0x00000000eaf00000,0x00000000eb000000)
 ParOldGen       total 96256K, used 94937K [0x00000000c0000000, 0x00000000c5e00000, 0x00000000eab00000)
  object space 96256K, 98% used [0x00000000c0000000,0x00000000c5cb6500,0x00000000c5e00000)
 Metaspace       used 85350K, committed 86336K, reserved 1179648K
  class space    used 8745K, committed 9216K, reserved 1048576K
}
Event: 16849.457 GC heap after
{Heap after GC invocations=1592 (full 48):
 PSYoungGen      total 3072K, used 384K [0x00000000eab00000, 0x00000000eb100000, 0x0000000100000000)
  eden space 2048K, 0% used [0x00000000eab00000,0x00000000eab00000,0x00000000ead00000)
  from space 1024K, 37% used [0x00000000eaf00000,0x00000000eaf60000,0x00000000eb000000)
  to   space 512K, 0% used [0x00000000eb080000,0x00000000eb080000,0x00000000eb100000)
 ParOldGen       total 96256K, used 95177K [0x00000000c0000000, 0x00000000c5e00000, 0x00000000eab00000)
  object space 96256K, 98% used [0x00000000c0000000,0x00000000c5cf2500,0x00000000c5e00000)
 Metaspace       used 85350K, committed 86336K, reserved 1179648K
  class space    used 8745K, committed 9216K, reserved 1048576K
}
Event: 16849.580 GC heap before
{Heap before GC invocations=1593 (full 48):
 PSYoungGen      total 3072K, used 2432K [0x00000000eab00000, 0x00000000eb100000, 0x0000000100000000)
  eden space 2048K, 100% used [0x00000000eab00000,0x00000000ead00000,0x00000000ead00000)
  from space 1024K, 37% used [0x00000000eaf00000,0x00000000eaf60000,0x00000000eb000000)
  to   space 512K, 0% used [0x00000000eb080000,0x00000000eb080000,0x00000000eb100000)
 ParOldGen       total 96256K, used 95177K [0x00000000c0000000, 0x00000000c5e00000, 0x00000000eab00000)
  object space 96256K, 98% used [0x00000000c0000000,0x00000000c5cf2500,0x00000000c5e00000)
 Metaspace       used 85354K, committed 86336K, reserved 1179648K
  class space    used 8745K, committed 9216K, reserved 1048576K
}
Event: 16849.581 GC heap after
{Heap after GC invocations=1593 (full 48):
 PSYoungGen      total 2560K, used 288K [0x00000000eab00000, 0x00000000eb100000, 0x0000000100000000)
  eden space 2048K, 0% used [0x00000000eab00000,0x00000000eab00000,0x00000000ead00000)
  from space 512K, 56% used [0x00000000eb080000,0x00000000eb0c8000,0x00000000eb100000)
  to   space 512K, 0% used [0x00000000eb000000,0x00000000eb000000,0x00000000eb080000)
 ParOldGen       total 96256K, used 95342K [0x00000000c0000000, 0x00000000c5e00000, 0x00000000eab00000)
  object space 96256K, 99% used [0x00000000c0000000,0x00000000c5d1b9a0,0x00000000c5e00000)
 Metaspace       used 85354K, committed 86336K, reserved 1179648K
  class space    used 8745K, committed 9216K, reserved 1048576K
}
Event: 16850.060 GC heap before
{Heap before GC invocations=1594 (full 48):
 PSYoungGen      total 2560K, used 2321K [0x00000000eab00000, 0x00000000eb100000, 0x0000000100000000)
  eden space 2048K, 99% used [0x00000000eab00000,0x00000000eacfc588,0x00000000ead00000)
  from space 512K, 56% used [0x00000000eb080000,0x00000000eb0c8000,0x00000000eb100000)
  to   space 512K, 0% used [0x00000000eb000000,0x00000000eb000000,0x00000000eb080000)
 ParOldGen       total 96256K, used 95342K [0x00000000c0000000, 0x00000000c5e00000, 0x00000000eab00000)
  object space 96256K, 99% used [0x00000000c0000000,0x00000000c5d1b9a0,0x00000000c5e00000)
 Metaspace       used 85378K, committed 86400K, reserved 1179648K
  class space    used 8745K, committed 9216K, reserved 1048576K
}
Event: 16850.061 GC heap after
{Heap after GC invocations=1594 (full 48):
 PSYoungGen      total 2560K, used 480K [0x00000000eab00000, 0x00000000eb100000, 0x0000000100000000)
  eden space 2048K, 0% used [0x00000000eab00000,0x00000000eab00000,0x00000000ead00000)
  from space 512K, 93% used [0x00000000eb000000,0x00000000eb078000,0x00000000eb080000)
  to   space 512K, 0% used [0x00000000eb080000,0x00000000eb080000,0x00000000eb100000)
 ParOldGen       total 96256K, used 95462K [0x00000000c0000000, 0x00000000c5e00000, 0x00000000eab00000)
  object space 96256K, 99% used [0x00000000c0000000,0x00000000c5d399a0,0x00000000c5e00000)
 Metaspace       used 85378K, committed 86400K, reserved 1179648K
  class space    used 8745K, committed 9216K, reserved 1048576K
}
Event: 16850.155 GC heap before
{Heap before GC invocations=1595 (full 48):
 PSYoungGen      total 2560K, used 2527K [0x00000000eab00000, 0x00000000eb100000, 0x0000000100000000)
  eden space 2048K, 99% used [0x00000000eab00000,0x00000000eacffff0,0x00000000ead00000)
  from space 512K, 93% used [0x00000000eb000000,0x00000000eb078000,0x00000000eb080000)
  to   space 512K, 0% used [0x00000000eb080000,0x00000000eb080000,0x00000000eb100000)
 ParOldGen       total 96256K, used 95462K [0x00000000c0000000, 0x00000000c5e00000, 0x00000000eab00000)
  object space 96256K, 99% used [0x00000000c0000000,0x00000000c5d399a0,0x00000000c5e00000)
 Metaspace       used 85417K, committed 86400K, reserved 1179648K
  class space    used 8747K, committed 9216K, reserved 1048576K
}
Event: 16850.156 GC heap after
{Heap after GC invocations=1595 (full 48):
 PSYoungGen      total 2560K, used 288K [0x00000000eab00000, 0x00000000eb100000, 0x0000000100000000)
  eden space 2048K, 0% used [0x00000000eab00000,0x00000000eab00000,0x00000000ead00000)
  from space 512K, 56% used [0x00000000eb080000,0x00000000eb0c8000,0x00000000eb100000)
  to   space 512K, 0% used [0x00000000eb000000,0x00000000eb000000,0x00000000eb080000)
 ParOldGen       total 96256K, used 95859K [0x00000000c0000000, 0x00000000c5e00000, 0x00000000eab00000)
  object space 96256K, 99% used [0x00000000c0000000,0x00000000c5d9ce40,0x00000000c5e00000)
 Metaspace       used 85417K, committed 86400K, reserved 1179648K
  class space    used 8747K, committed 9216K, reserved 1048576K
}
Event: 16850.156 GC heap before
{Heap before GC invocations=1596 (full 49):
 PSYoungGen      total 2560K, used 288K [0x00000000eab00000, 0x00000000eb100000, 0x0000000100000000)
  eden space 2048K, 0% used [0x00000000eab00000,0x00000000eab00000,0x00000000ead00000)
  from space 512K, 56% used [0x00000000eb080000,0x00000000eb0c8000,0x00000000eb100000)
  to   space 512K, 0% used [0x00000000eb000000,0x00000000eb000000,0x00000000eb080000)
 ParOldGen       total 96256K, used 95859K [0x00000000c0000000, 0x00000000c5e00000, 0x00000000eab00000)
  object space 96256K, 99% used [0x00000000c0000000,0x00000000c5d9ce40,0x00000000c5e00000)
 Metaspace       used 85417K, committed 86400K, reserved 1179648K
  class space    used 8747K, committed 9216K, reserved 1048576K
}
Event: 16850.212 GC heap after
{Heap after GC invocations=1596 (full 49):
 PSYoungGen      total 2560K, used 0K [0x00000000eab00000, 0x00000000eb100000, 0x0000000100000000)
  eden space 2048K, 0% used [0x00000000eab00000,0x00000000eab00000,0x00000000ead00000)
  from space 512K, 0% used [0x00000000eb000000,0x00000000eb000000,0x00000000eb080000)
  to   space 512K, 0% used [0x00000000eb080000,0x00000000eb080000,0x00000000eb100000)
 ParOldGen       total 97280K, used 81884K [0x00000000c0000000, 0x00000000c5f00000, 0x00000000eab00000)
  object space 97280K, 84% used [0x00000000c0000000,0x00000000c4ff7228,0x00000000c5f00000)
 Metaspace       used 85417K, committed 86400K, reserved 1179648K
  class space    used 8747K, committed 9216K, reserved 1048576K
}
Event: 16850.289 GC heap before
{Heap before GC invocations=1597 (full 49):
 PSYoungGen      total 2560K, used 2039K [0x00000000eab00000, 0x00000000eb100000, 0x0000000100000000)
  eden space 2048K, 99% used [0x00000000eab00000,0x00000000eacfdc50,0x00000000ead00000)
  from space 512K, 0% used [0x00000000eb000000,0x00000000eb000000,0x00000000eb080000)
  to   space 512K, 0% used [0x00000000eb080000,0x00000000eb080000,0x00000000eb100000)
 ParOldGen       total 97280K, used 81884K [0x00000000c0000000, 0x00000000c5f00000, 0x00000000eab00000)
  object space 97280K, 84% used [0x00000000c0000000,0x00000000c4ff7228,0x00000000c5f00000)
 Metaspace       used 85417K, committed 86400K, reserved 1179648K
  class space    used 8747K, committed 9216K, reserved 1048576K
}
Event: 16850.290 GC heap after
{Heap after GC invocations=1597 (full 49):
 PSYoungGen      total 2560K, used 480K [0x00000000eab00000, 0x00000000eb100000, 0x0000000100000000)
  eden space 2048K, 0% used [0x00000000eab00000,0x00000000eab00000,0x00000000ead00000)
  from space 512K, 93% used [0x00000000eb080000,0x00000000eb0f8000,0x00000000eb100000)
  to   space 1024K, 0% used [0x00000000eaf00000,0x00000000eaf00000,0x00000000eb000000)
 ParOldGen       total 97280K, used 81884K [0x00000000c0000000, 0x00000000c5f00000, 0x00000000eab00000)
  object space 97280K, 84% used [0x00000000c0000000,0x00000000c4ff7228,0x00000000c5f00000)
 Metaspace       used 85417K, committed 86400K, reserved 1179648K
  class space    used 8747K, committed 9216K, reserved 1048576K
}
Event: 16850.294 GC heap before
{Heap before GC invocations=1598 (full 49):
 PSYoungGen      total 2560K, used 2528K [0x00000000eab00000, 0x00000000eb100000, 0x0000000100000000)
  eden space 2048K, 100% used [0x00000000eab00000,0x00000000ead00000,0x00000000ead00000)
  from space 512K, 93% used [0x00000000eb080000,0x00000000eb0f8000,0x00000000eb100000)
  to   space 1024K, 0% used [0x00000000eaf00000,0x00000000eaf00000,0x00000000eb000000)
 ParOldGen       total 97280K, used 81884K [0x00000000c0000000, 0x00000000c5f00000, 0x00000000eab00000)
  object space 97280K, 84% used [0x00000000c0000000,0x00000000c4ff7228,0x00000000c5f00000)
 Metaspace       used 85417K, committed 86400K, reserved 1179648K
  class space    used 8747K, committed 9216K, reserved 1048576K
}
Event: 16850.295 GC heap after
{Heap after GC invocations=1598 (full 49):
 PSYoungGen      total 3072K, used 592K [0x00000000eab00000, 0x00000000eb100000, 0x0000000100000000)
  eden space 2048K, 0% used [0x00000000eab00000,0x00000000eab00000,0x00000000ead00000)
  from space 1024K, 57% used [0x00000000eaf00000,0x00000000eaf94010,0x00000000eb000000)
  to   space 1024K, 0% used [0x00000000eb000000,0x00000000eb000000,0x00000000eb100000)
 ParOldGen       total 97280K, used 82185K [0x00000000c0000000, 0x00000000c5f00000, 0x00000000eab00000)
  object space 97280K, 84% used [0x00000000c0000000,0x00000000c5042450,0x00000000c5f00000)
 Metaspace       used 85417K, committed 86400K, reserved 1179648K
  class space    used 8747K, committed 9216K, reserved 1048576K
}
Event: 16850.302 GC heap before
{Heap before GC invocations=1599 (full 49):
 PSYoungGen      total 3072K, used 2640K [0x00000000eab00000, 0x00000000eb100000, 0x0000000100000000)
  eden space 2048K, 100% used [0x00000000eab00000,0x00000000ead00000,0x00000000ead00000)
  from space 1024K, 57% used [0x00000000eaf00000,0x00000000eaf94010,0x00000000eb000000)
  to   space 1024K, 0% used [0x00000000eb000000,0x00000000eb000000,0x00000000eb100000)
 ParOldGen       total 97280K, used 82185K [0x00000000c0000000, 0x00000000c5f00000, 0x00000000eab00000)
  object space 97280K, 84% used [0x00000000c0000000,0x00000000c5042450,0x00000000c5f00000)
 Metaspace       used 85417K, committed 86400K, reserved 1179648K
  class space    used 8747K, committed 9216K, reserved 1048576K
}
Event: 16850.302 GC heap after
{Heap after GC invocations=1599 (full 49):
 PSYoungGen      total 2560K, used 256K [0x00000000eab00000, 0x00000000eb080000, 0x0000000100000000)
  eden space 2048K, 0% used [0x00000000eab00000,0x00000000eab00000,0x00000000ead00000)
  from space 512K, 50% used [0x00000000eb000000,0x00000000eb040000,0x00000000eb080000)
  to   space 512K, 0% used [0x00000000eaf80000,0x00000000eaf80000,0x00000000eb000000)
 ParOldGen       total 97280K, used 82721K [0x00000000c0000000, 0x00000000c5f00000, 0x00000000eab00000)
  object space 97280K, 85% used [0x00000000c0000000,0x00000000c50c8540,0x00000000c5f00000)
 Metaspace       used 85417K, committed 86400K, reserved 1179648K
  class space    used 8747K, committed 9216K, reserved 1048576K
}

